Log Entry : 2016年09月22日 10:04:10
方法:System.Web.Compilation.BuildResult PostProcessFoundBuildResult(System.Web.Compilation.BuildResult, Boolean, System.Web.VirtualPath),异常信息:d:\Projdct_GIT\Mall\YunXiuWeb\Presentation\BrnMall.Web\views\catalog\search.cshtml(65): error CS1061: “int”不包含“html”的定义，并且找不到可接受类型为“int”的第一个参数的扩展方法“html”(是否缺少 using 指令或程序集引用?)
------------------------------------
Log Entry : 2016年09月22日 10:04:10
方法:System.Web.Compilation.BuildResult PostProcessFoundBuildResult(System.Web.Compilation.BuildResult, Boolean, System.Web.VirtualPath),异常信息:d:\Projdct_GIT\Mall\YunXiuWeb\Presentation\BrnMall.Web\views\catalog\search.cshtml(65): error CS1061: “int”不包含“html”的定义，并且找不到可接受类型为“int”的第一个参数的扩展方法“html”(是否缺少 using 指令或程序集引用?)
------------------------------------
Log Entry : 2016年09月22日 13:56:21
方法:Void EnsureGeneratedCode(),异常信息:遇到的结束标记“ul”没有匹配的起始标记。您的起始标记/结束标记是否匹配?

------------------------------------
Log Entry : 2016年09月22日 17:12:09
方法:System.CodeDom.Compiler.CompilerResults Compile(),异常信息:d:\Projdct_GIT\Mall\YunXiuWeb\Presentation\BrnMall.Web\views\catalog\product.cshtml(55): error CS0103: 当前上下文中不存在名称“categoryInfo1”
------------------------------------
Log Entry : 2016年09月22日 17:12:41
方法:System.Web.Mvc.ResultExecutedContext InvokeActionResultFilter(System.Web.Mvc.IResultFilter, System.Web.Mvc.ResultExecutingContext, System.Func`1[System.Web.Mvc.ResultExecutedContext]),异常信息:d:\Projdct_GIT\Mall\YunXiuWeb\Presentation\BrnMall.Web\views\catalog\product.cshtml(58): error CS0103: 当前上下文中不存在名称“categoryInfo2”
------------------------------------
Log Entry : 2016年09月22日 17:12:41
方法:System.Web.Mvc.ResultExecutedContext InvokeActionResultFilter(System.Web.Mvc.IResultFilter, System.Web.Mvc.ResultExecutingContext, System.Func`1[System.Web.Mvc.ResultExecutedContext]),异常信息:d:\Projdct_GIT\Mall\YunXiuWeb\Presentation\BrnMall.Web\views\catalog\product.cshtml(58): error CS0103: 当前上下文中不存在名称“categoryInfo2”
------------------------------------
Log Entry : 2016年09月22日 17:19:25
方法:Void VerifyRenderedBodyOrSections(),异常信息:尚未对布局页“~/Views/Shared/_Layout.cshtml”调用“RenderBody”方法。
------------------------------------
Log Entry : 2016年09月22日 17:56:15
方法:System.Net.WebResponse GetResponse(),异常信息:操作超时
------------------------------------
Log Entry : 2016年09月22日 17:57:33
方法:System.Net.WebResponse GetResponse(),异常信息:基础连接已经关闭: 接收时发生错误。
------------------------------------
Log Entry : 2016年09月22日 18:06:17
方法:System.IO.Stream GetRequestStream(System.Net.TransportContext ByRef),异常信息:无法连接到远程服务器
------------------------------------
